<?xml version="1.0" encoding="UTF-8"?>
<!-- Generated by org.testng.reporters.JUnitReportReporter -->
<testsuite hostname="DESKTOP-5EVK54D" failures="0" tests="2" name="testngdiscussion.SingleTestOnMultipleBrowser" time="74.800" errors="0" timestamp="2022-12-21T07:49:29 IST" skipped="0">
  <testcase classname="testngdiscussion.SingleTestOnMultipleBrowser" name="amazonTest" time="27.345"/>
  <system-out/>
  <testcase classname="testngdiscussion.SingleTestOnMultipleBrowser" name="amazonTest" time="47.455"/>
  <system-out/>
</testsuite> <!-- testngdiscussion.SingleTestOnMultipleBrowser -->
