<?xml version="1.0" encoding="UTF-8"?>
<!-- Generated by org.testng.reporters.JUnitReportReporter -->
<testsuite hostname="DESKTOP-5EVK54D" failures="0" tests="2" name="testngdiscussion.GroupingOfTestCase2" time="0.007" errors="0" timestamp="2022-12-15T09:44:45 IST" skipped="0">
  <testcase classname="testngdiscussion.GroupingOfTestCase2" name="deleteProfile" time="0.004"/>
  <system-out/>
  <testcase classname="testngdiscussion.GroupingOfTestCase2" name="profile" time="0.003"/>
  <system-out/>
</testsuite> <!-- testngdiscussion.GroupingOfTestCase2 -->
