<?xml version="1.0" encoding="UTF-8"?>
<!-- Generated by org.testng.reporters.JUnitReportReporter -->
<testsuite hostname="DESKTOP-5EVK54D" failures="0" tests="5" name="testngdiscussion.EnabledKeyword" time="0.028" errors="0" timestamp="2022-12-07T08:21:18 IST" skipped="1">
  <testcase classname="testngdiscussion.EnabledKeyword" name="home" time="0.012"/>
  <system-out/>
  <testcase classname="testngdiscussion.EnabledKeyword" name="login" time="0.004"/>
  <system-out/>
  <testcase classname="testngdiscussion.EnabledKeyword" name="profile" time="0.004"/>
  <system-out/>
  <testcase classname="testngdiscussion.EnabledKeyword" name="logout" time="0.008"/>
  <system-out/>
  <testcase classname="testngdiscussion.EnabledKeyword" name="timeline">
    <skipped/>
  </testcase> <!-- timeline -->
  <system-out/>
</testsuite> <!-- testngdiscussion.EnabledKeyword -->
