<?xml version="1.0" encoding="UTF-8"?>
<!-- Generated by org.testng.reporters.JUnitReportReporter -->
<testsuite hostname="DESKTOP-5EVK54D" failures="0" tests="2" name="testclass.HomeTest" time="10.391" errors="0" timestamp="2022-12-23T09:06:05 IST" skipped="0">
  <testcase classname="testclass.HomeTest" name="validateSearch" time="10.299"/>
  <system-out/>
  <testcase classname="testclass.HomeTest" name="verifyTitle" time="0.092"/>
  <system-out/>
</testsuite> <!-- testclass.HomeTest -->
