<?xml version="1.0" encoding="UTF-8"?>
<!-- Generated by org.testng.reporters.JUnitReportReporter -->
<testsuite hostname="DESKTOP-5EVK54D" failures="0" tests="4" name="testngdiscussion.ParameterizationOfTestCase" time="19.606" errors="0" timestamp="2022-12-20T08:26:28 IST" skipped="0">
  <testcase classname="testngdiscussion.ParameterizationOfTestCase" name="testCase1" time="0.004"/>
  <system-out/>
  <testcase classname="testngdiscussion.ParameterizationOfTestCase" name="launchBrowser" time="12.937"/>
  <system-out/>
  <testcase classname="testngdiscussion.ParameterizationOfTestCase" name="testCase1" time="0.003"/>
  <system-out/>
  <testcase classname="testngdiscussion.ParameterizationOfTestCase" name="launchBrowser" time="6.662"/>
  <system-out/>
</testsuite> <!-- testngdiscussion.ParameterizationOfTestCase -->
