<?xml version="1.0" encoding="UTF-8"?>
<!-- Generated by org.testng.reporters.JUnitReportReporter -->
<testsuite hostname="DESKTOP-5EVK54D" failures="0" tests="5" name="testngdiscussion.ReporterClass" time="0.033" errors="0" timestamp="2022-12-07T08:31:18 IST" skipped="0">
  <testcase classname="testngdiscussion.ReporterClass" name="timeline" time="0.014"/>
  <system-out/>
  <testcase classname="testngdiscussion.ReporterClass" name="home" time="0.008"/>
  <system-out>
    <![CDATA[Home test got passed]]>
  </system-out>
  <testcase classname="testngdiscussion.ReporterClass" name="login" time="0.004"/>
  <system-out>
    <![CDATA[Login test got passed]]>
  </system-out>
  <testcase classname="testngdiscussion.ReporterClass" name="profile" time="0.003"/>
  <system-out/>
  <testcase classname="testngdiscussion.ReporterClass" name="logout" time="0.004"/>
  <system-out/>
</testsuite> <!-- testngdiscussion.ReporterClass -->
