<?xml version="1.0" encoding="UTF-8"?>
<!-- Generated by org.testng.reporters.JUnitReportReporter -->
<testsuite hostname="DESKTOP-5EVK54D" failures="0" tests="4" name="testngdiscussion.TestCase" time="46.045" errors="0" timestamp="2022-12-20T08:54:44 IST" skipped="0">
  <testcase classname="testngdiscussion.TestCase" name="navToUrl" time="13.976"/>
  <system-out/>
  <testcase classname="testngdiscussion.TestCase" name="enterUsername" time="5.479"/>
  <system-out/>
  <testcase classname="testngdiscussion.TestCase" name="enterPassword" time="0.591"/>
  <system-out/>
  <testcase classname="testngdiscussion.TestCase" name="getTitleOfpage" time="25.999"/>
  <system-out/>
</testsuite> <!-- testngdiscussion.TestCase -->
