<?xml version="1.0" encoding="UTF-8"?>
<!-- Generated by org.testng.reporters.JUnitReportReporter -->
<testsuite hostname="DESKTOP-5EVK54D" failures="0" tests="2" name="testclass.HomeTest" time="10.778" errors="0" timestamp="2022-12-24T08:26:07 IST" skipped="0">
  <testcase classname="testclass.HomeTest" name="validateSearch" time="9.775"/>
  <system-out/>
  <testcase classname="testclass.HomeTest" name="verifyTitle" time="1.003"/>
  <system-out/>
</testsuite> <!-- testclass.HomeTest -->
