<?xml version="1.0" encoding="UTF-8"?>
<!-- Generated by org.testng.reporters.JUnitReportReporter -->
<testsuite hostname="DESKTOP-5EVK54D" failures="0" tests="2" name="testngdiscussion.DependsOnMethods2" time="0.002" errors="0" timestamp="2022-12-08T08:31:58 IST" skipped="1">
  <testcase classname="testngdiscussion.DependsOnMethods2" name="updateProfile" time="0.000">
    <skipped/>
  </testcase> <!-- updateProfile -->
  <system-out/>
  <testcase classname="testngdiscussion.DependsOnMethods2" name="deleteProfile" time="0.002"/>
  <system-out/>
</testsuite> <!-- testngdiscussion.DependsOnMethods2 -->
