<?xml version="1.0" encoding="UTF-8"?>
<!-- Generated by org.testng.reporters.JUnitReportReporter -->
<testsuite hostname="DESKTOP-5EVK54D" failures="0" tests="1" name="testngdiscussion.ParallelTestTagExecution2" time="53.503" errors="0" timestamp="2022-12-19T08:48:27 IST" skipped="0">
  <testcase classname="testngdiscussion.ParallelTestTagExecution2" name="amazonTest" time="53.503"/>
  <system-out/>
</testsuite> <!-- testngdiscussion.ParallelTestTagExecution2 -->
