<?xml version="1.0" encoding="UTF-8"?>
<!-- Generated by org.testng.reporters.JUnitReportReporter -->
<testsuite hostname="DESKTOP-5EVK54D" failures="0" tests="2" name="testngdiscussion.AmazonSearchProduct" time="17.520" errors="0" timestamp="2022-12-09T08:44:57 IST" skipped="0">
  <testcase classname="testngdiscussion.AmazonSearchProduct" name="loginToApp" time="16.366"/>
  <system-out/>
  <testcase classname="testngdiscussion.AmazonSearchProduct" name="searchProduct" time="1.154"/>
  <system-out/>
</testsuite> <!-- testngdiscussion.AmazonSearchProduct -->
