<?xml version="1.0" encoding="UTF-8"?>
<!-- Generated by org.testng.reporters.JUnitReportReporter -->
<testsuite hostname="DESKTOP-5EVK54D" failures="0" tests="1" name="testngdiscussion.AmazonLoginPage" time="19.287" errors="0" timestamp="2022-12-09T08:42:30 IST" skipped="0">
  <testcase classname="testngdiscussion.AmazonLoginPage" name="loginToApp" time="19.287"/>
  <system-out/>
</testsuite> <!-- testngdiscussion.AmazonLoginPage -->
