<?xml version="1.0" encoding="UTF-8"?>
<!-- Generated by org.testng.reporters.JUnitReportReporter -->
<testsuite hostname="DESKTOP-5EVK54D" failures="0" tests="2" name="testngdiscussion.ParallelTestClassExecution1" time="57.060" errors="0" timestamp="2022-12-19T08:33:50 IST" skipped="0">
  <testcase classname="testngdiscussion.ParallelTestClassExecution1" name="googleTest" time="28.624"/>
  <system-out/>
  <testcase classname="testngdiscussion.ParallelTestClassExecution1" name="amazonTest" time="28.436"/>
  <system-out/>
</testsuite> <!-- testngdiscussion.ParallelTestClassExecution1 -->
