<?xml version="1.0" encoding="UTF-8"?>
<!-- Generated by org.testng.reporters.JUnitReportReporter -->
<testsuite hostname="DESKTOP-5EVK54D" failures="0" tests="2" name="testclass.LoginTest" time="5.556" errors="0" timestamp="2022-12-23T09:06:05 IST" skipped="0">
  <testcase classname="testclass.LoginTest" name="validateTitle" time="0.437"/>
  <system-out/>
  <testcase classname="testclass.LoginTest" name="verifyLogin" time="5.119"/>
  <system-out/>
</testsuite> <!-- testclass.LoginTest -->
