<?xml version="1.0" encoding="UTF-8"?>
<!-- Generated by org.testng.reporters.JUnitReportReporter -->
<testsuite hostname="DESKTOP-5EVK54D" failures="0" tests="1" name="webtablehandling.WebtableHandle" time="16.218" errors="0" timestamp="2023-01-18T08:43:55 IST" skipped="0">
  <testcase classname="webtablehandling.WebtableHandle" name="getTableValues" time="16.218"/>
  <system-out/>
</testsuite> <!-- webtablehandling.WebtableHandle -->
