<?xml version="1.0" encoding="UTF-8"?>
<!-- Generated by org.testng.reporters.JUnitReportReporter -->
<testsuite hostname="DESKTOP-5EVK54D" failures="0" tests="1" name="testngdiscussion.ParallelTestClassExecution2" time="27.647" errors="0" timestamp="2022-12-19T08:33:50 IST" skipped="0">
  <testcase classname="testngdiscussion.ParallelTestClassExecution2" name="facebookTest" time="27.647"/>
  <system-out/>
</testsuite> <!-- testngdiscussion.ParallelTestClassExecution2 -->
