<?xml version="1.0" encoding="UTF-8"?>
<!-- Generated by org.testng.reporters.JUnitReportReporter -->
<testsuite hostname="DESKTOP-5EVK54D" failures="0" tests="5" name="testngdiscussion.TestClass2" time="0.028" errors="0" timestamp="2022-12-08T08:53:32 IST" skipped="0">
  <testcase classname="testngdiscussion.TestClass2" name="timeline" time="0.013"/>
  <system-out/>
  <testcase classname="testngdiscussion.TestClass2" name="profile" time="0.002"/>
  <system-out/>
  <testcase classname="testngdiscussion.TestClass2" name="login" time="0.007"/>
  <system-out/>
  <testcase classname="testngdiscussion.TestClass2" name="home" time="0.001"/>
  <system-out/>
  <testcase classname="testngdiscussion.TestClass2" name="logout" time="0.005"/>
  <system-out/>
</testsuite> <!-- testngdiscussion.TestClass2 -->
