<?xml version="1.0" encoding="UTF-8"?>
<!-- Generated by org.testng.reporters.JUnitReportReporter -->
<testsuite hostname="DESKTOP-5EVK54D" failures="0" tests="2" name="testclass.LoginTest" time="6.314" errors="0" timestamp="2022-12-24T08:26:07 IST" skipped="0">
  <testcase classname="testclass.LoginTest" name="validateTitle" time="0.720"/>
  <system-out/>
  <testcase classname="testclass.LoginTest" name="verifyLogin" time="5.594"/>
  <system-out/>
</testsuite> <!-- testclass.LoginTest -->
