<?xml version="1.0" encoding="UTF-8"?>
<!-- Generated by org.testng.reporters.JUnitReportReporter -->
<testsuite hostname="DESKTOP-5EVK54D" failures="0" tests="1" name="testngdiscussion.WebTableHandling" time="17.747" errors="0" timestamp="2023-01-17T22:37:01 IST" skipped="0">
  <testcase classname="testngdiscussion.WebTableHandling" name="handleWebTable" time="17.747"/>
  <system-out/>
</testsuite> <!-- testngdiscussion.WebTableHandling -->
