<?xml version="1.0" encoding="UTF-8"?>
<!-- Generated by org.testng.reporters.JUnitReportReporter -->
<testsuite hostname="DESKTOP-5EVK54D" failures="0" tests="2" name="testngdiscussion.InclusionAndExclusionOfMethods" time="0.022" errors="0" timestamp="2022-12-15T09:57:46 IST" skipped="0">
  <testcase classname="testngdiscussion.InclusionAndExclusionOfMethods" name="timeline" time="0.018"/>
  <system-out/>
  <testcase classname="testngdiscussion.InclusionAndExclusionOfMethods" name="home" time="0.004"/>
  <system-out/>
</testsuite> <!-- testngdiscussion.InclusionAndExclusionOfMethods -->
