<?xml version="1.0" encoding="UTF-8"?>
<!-- Generated by org.testng.reporters.JUnitReportReporter -->
<testsuite hostname="DESKTOP-5EVK54D" failures="0" tests="1" name="testngdiscussion.ParallelTestTagExecution1" time="23.011" errors="0" timestamp="2022-12-19T08:48:27 IST" skipped="0">
  <testcase classname="testngdiscussion.ParallelTestTagExecution1" name="facebookTest" time="23.011"/>
  <system-out/>
</testsuite> <!-- testngdiscussion.ParallelTestTagExecution1 -->
