<?xml version="1.0" encoding="UTF-8"?>
<!-- Generated by org.testng.reporters.JUnitReportReporter -->
<testsuite hostname="DESKTOP-5EVK54D" failures="0" tests="1" name="testclass.BuyProductTest" time="14.427" errors="0" timestamp="2022-12-24T08:26:07 IST" skipped="0">
  <testcase classname="testclass.BuyProductTest" name="verifyaddToCart" time="14.427"/>
  <system-out/>
</testsuite> <!-- testclass.BuyProductTest -->
