<?xml version="1.0" encoding="UTF-8"?>
<!-- Generated by org.testng.reporters.JUnitReportReporter -->
<testsuite hostname="DESKTOP-5EVK54D" failures="0" tests="2" name="testngdiscussion.GroupingOfTestCase" time="0.026" errors="0" timestamp="2022-12-14T09:04:21 IST" skipped="0">
  <testcase classname="testngdiscussion.GroupingOfTestCase" name="profile" time="0.006"/>
  <system-out/>
  <testcase classname="testngdiscussion.GroupingOfTestCase" name="login" time="0.020"/>
  <system-out/>
</testsuite> <!-- testngdiscussion.GroupingOfTestCase -->
