<?xml version="1.0" encoding="UTF-8"?>
<!-- Generated by org.testng.reporters.JUnitReportReporter -->
<testsuite hostname="DESKTOP-5EVK54D" failures="0" tests="3" name="testngdiscussion.ParallelTestCaseExecution" time="276.477" errors="0" timestamp="2022-12-17T09:05:17 IST" skipped="0">
  <testcase classname="testngdiscussion.ParallelTestCaseExecution" name="testCase2" time="89.878"/>
  <system-out/>
  <testcase classname="testngdiscussion.ParallelTestCaseExecution" name="testCase3" time="89.578"/>
  <system-out/>
  <testcase classname="testngdiscussion.ParallelTestCaseExecution" name="amazonTest" time="97.021"/>
  <system-out/>
</testsuite> <!-- testngdiscussion.ParallelTestCaseExecution -->
