<?xml version="1.0" encoding="UTF-8"?>
<!-- Generated by org.testng.reporters.JUnitReportReporter -->
<testsuite hostname="DESKTOP-5EVK54D" failures="0" tests="3" name="testngdiscussion.GroupingOfTestCase" time="0.027" errors="0" timestamp="2022-12-15T09:44:45 IST" skipped="0">
  <testcase classname="testngdiscussion.GroupingOfTestCase" name="profile" time="0.007"/>
  <system-out/>
  <testcase classname="testngdiscussion.GroupingOfTestCase" name="login" time="0.005"/>
  <system-out/>
  <testcase classname="testngdiscussion.GroupingOfTestCase" name="home" time="0.015"/>
  <system-out/>
</testsuite> <!-- testngdiscussion.GroupingOfTestCase -->
